[2025-07-29 13:37:17,617: INFO/MainProcess] beat: Starting...
[2025-07-29 14:58:31,426: INFO/MainProcess] beat: Starting...
[2025-07-29 14:58:31,506: INFO/MainProcess] Scheduler: Sending due task optimize-parking-allocation (main.optimize_parking_allocation)
[2025-07-29 14:58:31,530: INFO/MainProcess] Scheduler: Sending due task generate-daily-report (main.generate_daily_report)
[2025-07-29 14:58:31,534: INFO/MainProcess] Scheduler: Sending due task send-parking-reminders (main.send_parking_reminders)
[2025-07-29 14:58:31,539: INFO/MainProcess] Scheduler: Sending due task monthly-mail-report-test (main.generate_monthly_activity_report)
[2025-07-29 14:58:31,547: INFO/MainProcess] Scheduler: Sending due task cleanup-expired-reservations (main.cleanup_expired_reservations)
[2025-07-29 14:58:31,552: INFO/MainProcess] Scheduler: Sending due task daily-mail-reminder-test (main.send_daily_reminders)
[2025-07-29 14:58:31,567: INFO/MainProcess] Scheduler: Sending due task daily-test-reminder (main.send_test_daily_reminders)
[2025-07-29 14:58:41,541: INFO/MainProcess] Scheduler: Sending due task optimize-parking-allocation (main.optimize_parking_allocation)
[2025-07-29 14:58:41,556: INFO/MainProcess] Scheduler: Sending due task generate-daily-report (main.generate_daily_report)
[2025-07-29 14:58:41,564: INFO/MainProcess] Scheduler: Sending due task send-parking-reminders (main.send_parking_reminders)
[2025-07-29 14:58:41,574: INFO/MainProcess] Scheduler: Sending due task monthly-mail-report-test (main.generate_monthly_activity_report)
[2025-07-29 14:58:41,584: INFO/MainProcess] Scheduler: Sending due task cleanup-expired-reservations (main.cleanup_expired_reservations)
[2025-07-29 14:58:41,588: INFO/MainProcess] Scheduler: Sending due task daily-mail-reminder-test (main.send_daily_reminders)
[2025-07-29 14:58:41,597: INFO/MainProcess] Scheduler: Sending due task daily-test-reminder (main.send_test_daily_reminders)
[2025-07-29 14:58:51,581: INFO/MainProcess] Scheduler: Sending due task optimize-parking-allocation (main.optimize_parking_allocation)
[2025-07-29 14:58:51,589: INFO/MainProcess] Scheduler: Sending due task generate-daily-report (main.generate_daily_report)
[2025-07-29 14:58:51,599: INFO/MainProcess] Scheduler: Sending due task send-parking-reminders (main.send_parking_reminders)
[2025-07-29 14:58:51,602: INFO/MainProcess] Scheduler: Sending due task monthly-mail-report-test (main.generate_monthly_activity_report)
[2025-07-29 14:58:51,607: INFO/MainProcess] Scheduler: Sending due task cleanup-expired-reservations (main.cleanup_expired_reservations)
[2025-07-29 14:58:51,611: INFO/MainProcess] Scheduler: Sending due task daily-mail-reminder-test (main.send_daily_reminders)
[2025-07-29 14:58:51,615: INFO/MainProcess] Scheduler: Sending due task daily-test-reminder (main.send_test_daily_reminders)
[2025-07-29 14:59:01,621: INFO/MainProcess] Scheduler: Sending due task optimize-parking-allocation (main.optimize_parking_allocation)
[2025-07-29 14:59:01,626: INFO/MainProcess] Scheduler: Sending due task generate-daily-report (main.generate_daily_report)
[2025-07-29 14:59:01,631: INFO/MainProcess] Scheduler: Sending due task send-parking-reminders (main.send_parking_reminders)
[2025-07-29 14:59:01,636: INFO/MainProcess] Scheduler: Sending due task monthly-mail-report-test (main.generate_monthly_activity_report)
[2025-07-29 14:59:01,641: INFO/MainProcess] Scheduler: Sending due task cleanup-expired-reservations (main.cleanup_expired_reservations)
[2025-07-29 14:59:01,646: INFO/MainProcess] Scheduler: Sending due task daily-mail-reminder-test (main.send_daily_reminders)
[2025-07-29 14:59:01,651: INFO/MainProcess] Scheduler: Sending due task daily-test-reminder (main.send_test_daily_reminders)
[2025-07-29 14:59:11,661: INFO/MainProcess] Scheduler: Sending due task optimize-parking-allocation (main.optimize_parking_allocation)
[2025-07-29 14:59:11,667: INFO/MainProcess] Scheduler: Sending due task generate-daily-report (main.generate_daily_report)
[2025-07-29 14:59:11,672: INFO/MainProcess] Scheduler: Sending due task send-parking-reminders (main.send_parking_reminders)
[2025-07-29 14:59:11,678: INFO/MainProcess] Scheduler: Sending due task monthly-mail-report-test (main.generate_monthly_activity_report)
[2025-07-29 14:59:11,680: INFO/MainProcess] Scheduler: Sending due task cleanup-expired-reservations (main.cleanup_expired_reservations)
[2025-07-29 14:59:11,683: INFO/MainProcess] Scheduler: Sending due task daily-mail-reminder-test (main.send_daily_reminders)
[2025-07-29 14:59:11,688: INFO/MainProcess] Scheduler: Sending due task daily-test-reminder (main.send_test_daily_reminders)
[2025-07-29 14:59:21,702: INFO/MainProcess] Scheduler: Sending due task optimize-parking-allocation (main.optimize_parking_allocation)
[2025-07-29 14:59:21,707: INFO/MainProcess] Scheduler: Sending due task generate-daily-report (main.generate_daily_report)
[2025-07-29 14:59:21,712: INFO/MainProcess] Scheduler: Sending due task send-parking-reminders (main.send_parking_reminders)
[2025-07-29 14:59:21,721: INFO/MainProcess] Scheduler: Sending due task monthly-mail-report-test (main.generate_monthly_activity_report)
[2025-07-29 14:59:21,728: INFO/MainProcess] Scheduler: Sending due task cleanup-expired-reservations (main.cleanup_expired_reservations)
[2025-07-29 14:59:21,736: INFO/MainProcess] Scheduler: Sending due task daily-mail-reminder-test (main.send_daily_reminders)
[2025-07-29 14:59:21,747: INFO/MainProcess] Scheduler: Sending due task daily-test-reminder (main.send_test_daily_reminders)
[2025-07-29 14:59:31,739: INFO/MainProcess] Scheduler: Sending due task optimize-parking-allocation (main.optimize_parking_allocation)
[2025-07-29 14:59:31,744: INFO/MainProcess] Scheduler: Sending due task generate-daily-report (main.generate_daily_report)
[2025-07-29 14:59:31,748: INFO/MainProcess] Scheduler: Sending due task send-parking-reminders (main.send_parking_reminders)
[2025-07-29 14:59:31,754: INFO/MainProcess] Scheduler: Sending due task monthly-mail-report-test (main.generate_monthly_activity_report)
[2025-07-29 14:59:31,759: INFO/MainProcess] Scheduler: Sending due task cleanup-expired-reservations (main.cleanup_expired_reservations)
[2025-07-29 14:59:31,764: INFO/MainProcess] Scheduler: Sending due task daily-mail-reminder-test (main.send_daily_reminders)
[2025-07-29 14:59:31,773: INFO/MainProcess] Scheduler: Sending due task daily-test-reminder (main.send_test_daily_reminders)
[2025-07-29 14:59:41,780: INFO/MainProcess] Scheduler: Sending due task optimize-parking-allocation (main.optimize_parking_allocation)
[2025-07-29 14:59:41,784: INFO/MainProcess] Scheduler: Sending due task generate-daily-report (main.generate_daily_report)
[2025-07-29 14:59:41,787: INFO/MainProcess] Scheduler: Sending due task send-parking-reminders (main.send_parking_reminders)
[2025-07-29 14:59:41,789: INFO/MainProcess] Scheduler: Sending due task monthly-mail-report-test (main.generate_monthly_activity_report)
[2025-07-29 14:59:41,798: INFO/MainProcess] Scheduler: Sending due task cleanup-expired-reservations (main.cleanup_expired_reservations)
[2025-07-29 14:59:41,805: INFO/MainProcess] Scheduler: Sending due task daily-mail-reminder-test (main.send_daily_reminders)
[2025-07-29 14:59:41,809: INFO/MainProcess] Scheduler: Sending due task daily-test-reminder (main.send_test_daily_reminders)
[2025-07-29 14:59:51,822: INFO/MainProcess] Scheduler: Sending due task optimize-parking-allocation (main.optimize_parking_allocation)
[2025-07-29 14:59:51,834: INFO/MainProcess] Scheduler: Sending due task generate-daily-report (main.generate_daily_report)
[2025-07-29 14:59:51,841: INFO/MainProcess] Scheduler: Sending due task send-parking-reminders (main.send_parking_reminders)
[2025-07-29 14:59:51,847: INFO/MainProcess] Scheduler: Sending due task monthly-mail-report-test (main.generate_monthly_activity_report)
[2025-07-29 14:59:51,852: INFO/MainProcess] Scheduler: Sending due task cleanup-expired-reservations (main.cleanup_expired_reservations)
[2025-07-29 14:59:51,861: INFO/MainProcess] Scheduler: Sending due task daily-mail-reminder-test (main.send_daily_reminders)
[2025-07-29 14:59:51,864: INFO/MainProcess] Scheduler: Sending due task daily-test-reminder (main.send_test_daily_reminders)
[2025-07-29 15:00:13,259: INFO/MainProcess] beat: Starting...
[2025-07-29 15:05:23,551: INFO/MainProcess] beat: Starting...
[2025-07-29 15:05:23,606: INFO/MainProcess] Scheduler: Sending due task optimize-parking-allocation (main.optimize_parking_allocation)
[2025-07-29 15:05:23,628: INFO/MainProcess] Scheduler: Sending due task generate-daily-report (main.generate_daily_report)
[2025-07-29 15:05:23,631: INFO/MainProcess] Scheduler: Sending due task send-parking-reminders (main.send_parking_reminders)
[2025-07-29 15:05:23,634: INFO/MainProcess] Scheduler: Sending due task monthly-mail-report-test (main.generate_monthly_activity_report)
[2025-07-29 15:05:23,638: INFO/MainProcess] Scheduler: Sending due task cleanup-expired-reservations (main.cleanup_expired_reservations)
[2025-07-29 15:05:23,641: INFO/MainProcess] Scheduler: Sending due task daily-mail-reminder-test (main.send_daily_reminders)
[2025-07-29 15:05:23,644: INFO/MainProcess] Scheduler: Sending due task daily-test-reminder (main.send_test_daily_reminders)
[2025-07-29 15:05:43,691: INFO/MainProcess] Scheduler: Sending due task optimize-parking-allocation (main.optimize_parking_allocation)
[2025-07-29 15:05:43,693: INFO/MainProcess] Scheduler: Sending due task generate-daily-report (main.generate_daily_report)
[2025-07-29 15:05:43,696: INFO/MainProcess] Scheduler: Sending due task send-parking-reminders (main.send_parking_reminders)
[2025-07-29 15:05:43,701: INFO/MainProcess] Scheduler: Sending due task monthly-mail-report-test (main.generate_monthly_activity_report)
[2025-07-29 15:05:43,709: INFO/MainProcess] Scheduler: Sending due task cleanup-expired-reservations (main.cleanup_expired_reservations)
[2025-07-29 15:05:43,711: INFO/MainProcess] Scheduler: Sending due task daily-mail-reminder-test (main.send_daily_reminders)
[2025-07-29 15:05:43,715: INFO/MainProcess] Scheduler: Sending due task daily-test-reminder (main.send_test_daily_reminders)
[2025-07-29 15:06:03,779: INFO/MainProcess] Scheduler: Sending due task optimize-parking-allocation (main.optimize_parking_allocation)
[2025-07-29 15:06:03,784: INFO/MainProcess] Scheduler: Sending due task generate-daily-report (main.generate_daily_report)
[2025-07-29 15:06:03,789: INFO/MainProcess] Scheduler: Sending due task send-parking-reminders (main.send_parking_reminders)
[2025-07-29 15:06:03,793: INFO/MainProcess] Scheduler: Sending due task monthly-mail-report-test (main.generate_monthly_activity_report)
[2025-07-29 15:06:03,798: INFO/MainProcess] Scheduler: Sending due task cleanup-expired-reservations (main.cleanup_expired_reservations)
[2025-07-29 15:06:03,803: INFO/MainProcess] Scheduler: Sending due task daily-mail-reminder-test (main.send_daily_reminders)
[2025-07-29 15:06:03,808: INFO/MainProcess] Scheduler: Sending due task daily-test-reminder (main.send_test_daily_reminders)
[2025-07-29 15:06:23,868: INFO/MainProcess] Scheduler: Sending due task optimize-parking-allocation (main.optimize_parking_allocation)
[2025-07-29 15:06:23,875: INFO/MainProcess] Scheduler: Sending due task generate-daily-report (main.generate_daily_report)
[2025-07-29 15:06:23,878: INFO/MainProcess] Scheduler: Sending due task send-parking-reminders (main.send_parking_reminders)
[2025-07-29 15:06:23,884: INFO/MainProcess] Scheduler: Sending due task monthly-mail-report-test (main.generate_monthly_activity_report)
[2025-07-29 15:06:23,894: INFO/MainProcess] Scheduler: Sending due task cleanup-expired-reservations (main.cleanup_expired_reservations)
[2025-07-29 15:06:23,897: INFO/MainProcess] Scheduler: Sending due task daily-mail-reminder-test (main.send_daily_reminders)
[2025-07-29 15:06:23,899: INFO/MainProcess] Scheduler: Sending due task daily-test-reminder (main.send_test_daily_reminders)
[2025-07-29 15:06:43,956: INFO/MainProcess] Scheduler: Sending due task optimize-parking-allocation (main.optimize_parking_allocation)
[2025-07-29 15:06:43,961: INFO/MainProcess] Scheduler: Sending due task generate-daily-report (main.generate_daily_report)
[2025-07-29 15:06:43,965: INFO/MainProcess] Scheduler: Sending due task send-parking-reminders (main.send_parking_reminders)
[2025-07-29 15:06:43,968: INFO/MainProcess] Scheduler: Sending due task monthly-mail-report-test (main.generate_monthly_activity_report)
[2025-07-29 15:06:43,972: INFO/MainProcess] Scheduler: Sending due task cleanup-expired-reservations (main.cleanup_expired_reservations)
[2025-07-29 15:06:43,975: INFO/MainProcess] Scheduler: Sending due task daily-mail-reminder-test (main.send_daily_reminders)
[2025-07-29 15:06:43,979: INFO/MainProcess] Scheduler: Sending due task daily-test-reminder (main.send_test_daily_reminders)
[2025-07-29 15:07:04,044: INFO/MainProcess] Scheduler: Sending due task optimize-parking-allocation (main.optimize_parking_allocation)
[2025-07-29 15:07:04,046: INFO/MainProcess] Scheduler: Sending due task generate-daily-report (main.generate_daily_report)
[2025-07-29 15:07:04,050: INFO/MainProcess] Scheduler: Sending due task send-parking-reminders (main.send_parking_reminders)
[2025-07-29 15:07:04,054: INFO/MainProcess] Scheduler: Sending due task monthly-mail-report-test (main.generate_monthly_activity_report)
[2025-07-29 15:07:04,059: INFO/MainProcess] Scheduler: Sending due task cleanup-expired-reservations (main.cleanup_expired_reservations)
[2025-07-29 15:07:04,065: INFO/MainProcess] Scheduler: Sending due task daily-mail-reminder-test (main.send_daily_reminders)
[2025-07-29 15:07:04,070: INFO/MainProcess] Scheduler: Sending due task daily-test-reminder (main.send_test_daily_reminders)
[2025-07-29 15:07:24,134: INFO/MainProcess] Scheduler: Sending due task optimize-parking-allocation (main.optimize_parking_allocation)
[2025-07-29 15:07:24,140: INFO/MainProcess] Scheduler: Sending due task generate-daily-report (main.generate_daily_report)
[2025-07-29 15:07:24,145: INFO/MainProcess] Scheduler: Sending due task send-parking-reminders (main.send_parking_reminders)
[2025-07-29 15:07:24,155: INFO/MainProcess] Scheduler: Sending due task monthly-mail-report-test (main.generate_monthly_activity_report)
[2025-07-29 15:07:24,160: INFO/MainProcess] Scheduler: Sending due task cleanup-expired-reservations (main.cleanup_expired_reservations)
[2025-07-29 15:07:24,170: INFO/MainProcess] Scheduler: Sending due task daily-mail-reminder-test (main.send_daily_reminders)
[2025-07-29 15:07:24,183: INFO/MainProcess] Scheduler: Sending due task daily-test-reminder (main.send_test_daily_reminders)
[2025-07-29 15:08:58,773: INFO/MainProcess] beat: Starting...
[2025-07-29 15:08:58,794: INFO/MainProcess] Scheduler: Sending due task optimize-parking-allocation (main.optimize_parking_allocation)
[2025-07-29 15:08:58,816: INFO/MainProcess] Scheduler: Sending due task generate-daily-report (main.generate_daily_report)
[2025-07-29 15:08:58,820: INFO/MainProcess] Scheduler: Sending due task send-parking-reminders (main.send_parking_reminders)
[2025-07-29 15:08:58,822: INFO/MainProcess] beat: Starting...
[2025-07-29 15:08:58,827: INFO/MainProcess] Scheduler: Sending due task monthly-mail-report-test (main.generate_monthly_activity_report)
[2025-07-29 15:08:58,835: INFO/MainProcess] Scheduler: Sending due task cleanup-expired-reservations (main.cleanup_expired_reservations)
[2025-07-29 15:08:58,836: ERROR/MainProcess] Removing corrupted schedule file 'celerybeat-schedule': error(11, 'Resource temporarily unavailable')
Traceback (most recent call last):
  File "/home/deepeshkumar/Desktop/Mad-2-project/.venv/lib/python3.10/site-packages/celery/beat.py", line 532, in setup_schedule
    self._store = self._open_schedule()
  File "/home/deepeshkumar/Desktop/Mad-2-project/.venv/lib/python3.10/site-packages/celery/beat.py", line 522, in _open_schedule
    return self.persistence.open(self.schedule_filename, writeback=True)
  File "/usr/lib/python3.10/shelve.py", line 243, in open
    return DbfilenameShelf(filename, flag, protocol, writeback)
  File "/usr/lib/python3.10/shelve.py", line 227, in __init__
    Shelf.__init__(self, dbm.open(filename, flag), protocol, writeback)
  File "/usr/lib/python3.10/dbm/__init__.py", line 95, in open
    return mod.open(file, flag, mode)
_gdbm.error: [Errno 11] Resource temporarily unavailable: 'celerybeat-schedule'
[2025-07-29 15:08:58,843: INFO/MainProcess] Scheduler: Sending due task daily-mail-reminder-test (main.send_daily_reminders)
[2025-07-29 15:08:58,848: INFO/MainProcess] Scheduler: Sending due task daily-test-reminder (main.send_test_daily_reminders)
[2025-07-29 15:09:18,876: INFO/MainProcess] Scheduler: Sending due task optimize-parking-allocation (main.optimize_parking_allocation)
[2025-07-29 15:09:18,881: INFO/MainProcess] Scheduler: Sending due task generate-daily-report (main.generate_daily_report)
[2025-07-29 15:09:18,885: INFO/MainProcess] Scheduler: Sending due task send-parking-reminders (main.send_parking_reminders)
[2025-07-29 15:09:18,889: INFO/MainProcess] Scheduler: Sending due task monthly-mail-report-test (main.generate_monthly_activity_report)
[2025-07-29 15:09:18,891: INFO/MainProcess] Scheduler: Sending due task cleanup-expired-reservations (main.cleanup_expired_reservations)
[2025-07-29 15:09:18,892: INFO/MainProcess] Scheduler: Sending due task daily-mail-reminder-test (main.send_daily_reminders)
[2025-07-29 15:09:18,893: INFO/MainProcess] Scheduler: Sending due task daily-test-reminder (main.send_test_daily_reminders)
[2025-07-29 15:09:18,937: INFO/MainProcess] Scheduler: Sending due task daily-test-reminder (main.send_test_daily_reminders)
[2025-07-29 15:09:18,953: INFO/MainProcess] Scheduler: Sending due task send-parking-reminders (main.send_parking_reminders)
[2025-07-29 15:09:18,954: INFO/MainProcess] Scheduler: Sending due task optimize-parking-allocation (main.optimize_parking_allocation)
[2025-07-29 15:09:18,955: INFO/MainProcess] Scheduler: Sending due task daily-mail-reminder-test (main.send_daily_reminders)
[2025-07-29 15:09:18,959: INFO/MainProcess] Scheduler: Sending due task cleanup-expired-reservations (main.cleanup_expired_reservations)
[2025-07-29 15:09:18,964: INFO/MainProcess] Scheduler: Sending due task generate-daily-report (main.generate_daily_report)
[2025-07-29 15:09:18,968: INFO/MainProcess] Scheduler: Sending due task monthly-mail-report-test (main.generate_monthly_activity_report)
[2025-07-29 15:09:38,967: INFO/MainProcess] Scheduler: Sending due task optimize-parking-allocation (main.optimize_parking_allocation)
[2025-07-29 15:09:38,972: INFO/MainProcess] Scheduler: Sending due task generate-daily-report (main.generate_daily_report)
[2025-07-29 15:09:38,978: INFO/MainProcess] Scheduler: Sending due task send-parking-reminders (main.send_parking_reminders)
[2025-07-29 15:09:38,987: INFO/MainProcess] Scheduler: Sending due task monthly-mail-report-test (main.generate_monthly_activity_report)
[2025-07-29 15:09:38,993: INFO/MainProcess] Scheduler: Sending due task cleanup-expired-reservations (main.cleanup_expired_reservations)
[2025-07-29 15:09:39,000: INFO/MainProcess] Scheduler: Sending due task daily-mail-reminder-test (main.send_daily_reminders)
[2025-07-29 15:09:39,007: INFO/MainProcess] Scheduler: Sending due task daily-test-reminder (main.send_test_daily_reminders)
[2025-07-29 15:09:39,021: INFO/MainProcess] Scheduler: Sending due task daily-test-reminder (main.send_test_daily_reminders)
[2025-07-29 15:09:39,025: INFO/MainProcess] Scheduler: Sending due task send-parking-reminders (main.send_parking_reminders)
[2025-07-29 15:09:39,029: INFO/MainProcess] Scheduler: Sending due task optimize-parking-allocation (main.optimize_parking_allocation)
[2025-07-29 15:09:39,033: INFO/MainProcess] Scheduler: Sending due task daily-mail-reminder-test (main.send_daily_reminders)
[2025-07-29 15:09:39,038: INFO/MainProcess] Scheduler: Sending due task cleanup-expired-reservations (main.cleanup_expired_reservations)
[2025-07-29 15:09:39,044: INFO/MainProcess] Scheduler: Sending due task generate-daily-report (main.generate_daily_report)
[2025-07-29 15:09:39,049: INFO/MainProcess] Scheduler: Sending due task monthly-mail-report-test (main.generate_monthly_activity_report)
[2025-07-29 15:09:59,055: INFO/MainProcess] Scheduler: Sending due task optimize-parking-allocation (main.optimize_parking_allocation)
[2025-07-29 15:09:59,060: INFO/MainProcess] Scheduler: Sending due task generate-daily-report (main.generate_daily_report)
[2025-07-29 15:09:59,064: INFO/MainProcess] Scheduler: Sending due task send-parking-reminders (main.send_parking_reminders)
[2025-07-29 15:09:59,068: INFO/MainProcess] Scheduler: Sending due task monthly-mail-report-test (main.generate_monthly_activity_report)
[2025-07-29 15:09:59,072: INFO/MainProcess] Scheduler: Sending due task cleanup-expired-reservations (main.cleanup_expired_reservations)
[2025-07-29 15:09:59,076: INFO/MainProcess] Scheduler: Sending due task daily-mail-reminder-test (main.send_daily_reminders)
[2025-07-29 15:09:59,080: INFO/MainProcess] Scheduler: Sending due task daily-test-reminder (main.send_test_daily_reminders)
[2025-07-29 15:09:59,112: INFO/MainProcess] Scheduler: Sending due task daily-test-reminder (main.send_test_daily_reminders)
[2025-07-29 15:09:59,124: INFO/MainProcess] Scheduler: Sending due task send-parking-reminders (main.send_parking_reminders)
[2025-07-29 15:09:59,132: INFO/MainProcess] Scheduler: Sending due task optimize-parking-allocation (main.optimize_parking_allocation)
[2025-07-29 15:09:59,139: INFO/MainProcess] Scheduler: Sending due task daily-mail-reminder-test (main.send_daily_reminders)
[2025-07-29 15:09:59,150: INFO/MainProcess] Scheduler: Sending due task cleanup-expired-reservations (main.cleanup_expired_reservations)
[2025-07-29 15:09:59,155: INFO/MainProcess] Scheduler: Sending due task generate-daily-report (main.generate_daily_report)
[2025-07-29 15:09:59,159: INFO/MainProcess] Scheduler: Sending due task monthly-mail-report-test (main.generate_monthly_activity_report)
[2025-07-29 15:10:19,145: INFO/MainProcess] Scheduler: Sending due task optimize-parking-allocation (main.optimize_parking_allocation)
[2025-07-29 15:10:19,150: INFO/MainProcess] Scheduler: Sending due task generate-daily-report (main.generate_daily_report)
[2025-07-29 15:10:19,157: INFO/MainProcess] Scheduler: Sending due task send-parking-reminders (main.send_parking_reminders)
[2025-07-29 15:10:19,160: INFO/MainProcess] Scheduler: Sending due task monthly-mail-report-test (main.generate_monthly_activity_report)
[2025-07-29 15:10:19,162: INFO/MainProcess] Scheduler: Sending due task cleanup-expired-reservations (main.cleanup_expired_reservations)
[2025-07-29 15:10:19,166: INFO/MainProcess] Scheduler: Sending due task daily-mail-reminder-test (main.send_daily_reminders)
[2025-07-29 15:10:19,167: INFO/MainProcess] Scheduler: Sending due task daily-test-reminder (main.send_test_daily_reminders)
[2025-07-29 15:10:19,200: INFO/MainProcess] Scheduler: Sending due task daily-test-reminder (main.send_test_daily_reminders)
[2025-07-29 15:10:19,212: INFO/MainProcess] Scheduler: Sending due task send-parking-reminders (main.send_parking_reminders)
[2025-07-29 15:10:19,221: INFO/MainProcess] Scheduler: Sending due task optimize-parking-allocation (main.optimize_parking_allocation)
[2025-07-29 15:10:19,225: INFO/MainProcess] Scheduler: Sending due task daily-mail-reminder-test (main.send_daily_reminders)
[2025-07-29 15:10:19,242: INFO/MainProcess] Scheduler: Sending due task cleanup-expired-reservations (main.cleanup_expired_reservations)
[2025-07-29 15:10:19,245: INFO/MainProcess] Scheduler: Sending due task generate-daily-report (main.generate_daily_report)
[2025-07-29 15:10:19,250: INFO/MainProcess] Scheduler: Sending due task monthly-mail-report-test (main.generate_monthly_activity_report)
[2025-07-29 15:10:39,223: INFO/MainProcess] Scheduler: Sending due task optimize-parking-allocation (main.optimize_parking_allocation)
[2025-07-29 15:10:39,226: INFO/MainProcess] Scheduler: Sending due task generate-daily-report (main.generate_daily_report)
[2025-07-29 15:10:39,229: INFO/MainProcess] Scheduler: Sending due task send-parking-reminders (main.send_parking_reminders)
[2025-07-29 15:10:39,233: INFO/MainProcess] Scheduler: Sending due task monthly-mail-report-test (main.generate_monthly_activity_report)
[2025-07-29 15:10:39,236: INFO/MainProcess] Scheduler: Sending due task cleanup-expired-reservations (main.cleanup_expired_reservations)
[2025-07-29 15:10:39,239: INFO/MainProcess] Scheduler: Sending due task daily-mail-reminder-test (main.send_daily_reminders)
[2025-07-29 15:10:39,241: INFO/MainProcess] Scheduler: Sending due task daily-test-reminder (main.send_test_daily_reminders)
[2025-07-29 15:10:39,289: INFO/MainProcess] Scheduler: Sending due task daily-test-reminder (main.send_test_daily_reminders)
[2025-07-29 15:10:39,294: INFO/MainProcess] Scheduler: Sending due task send-parking-reminders (main.send_parking_reminders)
[2025-07-29 15:10:39,302: INFO/MainProcess] Scheduler: Sending due task optimize-parking-allocation (main.optimize_parking_allocation)
[2025-07-29 15:10:39,308: INFO/MainProcess] Scheduler: Sending due task daily-mail-reminder-test (main.send_daily_reminders)
[2025-07-29 15:10:39,313: INFO/MainProcess] Scheduler: Sending due task cleanup-expired-reservations (main.cleanup_expired_reservations)
[2025-07-29 15:10:39,321: INFO/MainProcess] Scheduler: Sending due task generate-daily-report (main.generate_daily_report)
[2025-07-29 15:10:39,324: INFO/MainProcess] Scheduler: Sending due task monthly-mail-report-test (main.generate_monthly_activity_report)
[2025-07-29 15:10:59,312: INFO/MainProcess] Scheduler: Sending due task optimize-parking-allocation (main.optimize_parking_allocation)
[2025-07-29 15:10:59,317: INFO/MainProcess] Scheduler: Sending due task generate-daily-report (main.generate_daily_report)
[2025-07-29 15:10:59,321: INFO/MainProcess] Scheduler: Sending due task send-parking-reminders (main.send_parking_reminders)
[2025-07-29 15:10:59,326: INFO/MainProcess] Scheduler: Sending due task monthly-mail-report-test (main.generate_monthly_activity_report)
[2025-07-29 15:10:59,332: INFO/MainProcess] Scheduler: Sending due task cleanup-expired-reservations (main.cleanup_expired_reservations)
[2025-07-29 15:10:59,336: INFO/MainProcess] Scheduler: Sending due task daily-mail-reminder-test (main.send_daily_reminders)
[2025-07-29 15:10:59,343: INFO/MainProcess] Scheduler: Sending due task daily-test-reminder (main.send_test_daily_reminders)
[2025-07-29 15:10:59,375: INFO/MainProcess] Scheduler: Sending due task daily-test-reminder (main.send_test_daily_reminders)
[2025-07-29 15:10:59,380: INFO/MainProcess] Scheduler: Sending due task send-parking-reminders (main.send_parking_reminders)
[2025-07-29 15:10:59,385: INFO/MainProcess] Scheduler: Sending due task optimize-parking-allocation (main.optimize_parking_allocation)
[2025-07-29 15:10:59,392: INFO/MainProcess] Scheduler: Sending due task daily-mail-reminder-test (main.send_daily_reminders)
[2025-07-29 15:10:59,397: INFO/MainProcess] Scheduler: Sending due task cleanup-expired-reservations (main.cleanup_expired_reservations)
[2025-07-29 15:10:59,403: INFO/MainProcess] Scheduler: Sending due task generate-daily-report (main.generate_daily_report)
[2025-07-29 15:10:59,406: INFO/MainProcess] Scheduler: Sending due task monthly-mail-report-test (main.generate_monthly_activity_report)
[2025-07-29 15:11:19,402: INFO/MainProcess] Scheduler: Sending due task optimize-parking-allocation (main.optimize_parking_allocation)
[2025-07-29 15:11:19,405: INFO/MainProcess] Scheduler: Sending due task generate-daily-report (main.generate_daily_report)
[2025-07-29 15:11:19,407: INFO/MainProcess] Scheduler: Sending due task send-parking-reminders (main.send_parking_reminders)
[2025-07-29 15:11:19,409: INFO/MainProcess] Scheduler: Sending due task monthly-mail-report-test (main.generate_monthly_activity_report)
[2025-07-29 15:11:19,412: INFO/MainProcess] Scheduler: Sending due task cleanup-expired-reservations (main.cleanup_expired_reservations)
[2025-07-29 15:11:19,414: INFO/MainProcess] Scheduler: Sending due task daily-mail-reminder-test (main.send_daily_reminders)
[2025-07-29 15:11:19,416: INFO/MainProcess] Scheduler: Sending due task daily-test-reminder (main.send_test_daily_reminders)
[2025-07-29 15:11:19,463: INFO/MainProcess] Scheduler: Sending due task daily-test-reminder (main.send_test_daily_reminders)
[2025-07-29 15:11:19,465: INFO/MainProcess] Scheduler: Sending due task send-parking-reminders (main.send_parking_reminders)
[2025-07-29 15:11:19,466: INFO/MainProcess] Scheduler: Sending due task optimize-parking-allocation (main.optimize_parking_allocation)
[2025-07-29 15:11:19,467: INFO/MainProcess] Scheduler: Sending due task daily-mail-reminder-test (main.send_daily_reminders)
[2025-07-29 15:11:19,468: INFO/MainProcess] Scheduler: Sending due task cleanup-expired-reservations (main.cleanup_expired_reservations)
[2025-07-29 15:11:19,470: INFO/MainProcess] Scheduler: Sending due task generate-daily-report (main.generate_daily_report)
[2025-07-29 15:11:19,471: INFO/MainProcess] Scheduler: Sending due task monthly-mail-report-test (main.generate_monthly_activity_report)
[2025-07-29 15:11:39,492: INFO/MainProcess] Scheduler: Sending due task optimize-parking-allocation (main.optimize_parking_allocation)
[2025-07-29 15:11:39,501: INFO/MainProcess] Scheduler: Sending due task generate-daily-report (main.generate_daily_report)
[2025-07-29 15:11:39,507: INFO/MainProcess] Scheduler: Sending due task send-parking-reminders (main.send_parking_reminders)
[2025-07-29 15:11:39,513: INFO/MainProcess] Scheduler: Sending due task monthly-mail-report-test (main.generate_monthly_activity_report)
[2025-07-29 15:11:39,516: INFO/MainProcess] Scheduler: Sending due task cleanup-expired-reservations (main.cleanup_expired_reservations)
[2025-07-29 15:11:39,518: INFO/MainProcess] Scheduler: Sending due task daily-mail-reminder-test (main.send_daily_reminders)
[2025-07-29 15:11:39,526: INFO/MainProcess] Scheduler: Sending due task daily-test-reminder (main.send_test_daily_reminders)
[2025-07-29 15:11:39,556: INFO/MainProcess] Scheduler: Sending due task daily-test-reminder (main.send_test_daily_reminders)
[2025-07-29 15:11:39,563: INFO/MainProcess] Scheduler: Sending due task send-parking-reminders (main.send_parking_reminders)
[2025-07-29 15:11:39,566: INFO/MainProcess] Scheduler: Sending due task optimize-parking-allocation (main.optimize_parking_allocation)
[2025-07-29 15:11:39,570: INFO/MainProcess] Scheduler: Sending due task daily-mail-reminder-test (main.send_daily_reminders)
[2025-07-29 15:11:39,575: INFO/MainProcess] Scheduler: Sending due task cleanup-expired-reservations (main.cleanup_expired_reservations)
[2025-07-29 15:11:39,581: INFO/MainProcess] Scheduler: Sending due task generate-daily-report (main.generate_daily_report)
[2025-07-29 15:11:39,587: INFO/MainProcess] Scheduler: Sending due task monthly-mail-report-test (main.generate_monthly_activity_report)
[2025-07-29 15:11:59,585: INFO/MainProcess] Scheduler: Sending due task optimize-parking-allocation (main.optimize_parking_allocation)
[2025-07-29 15:11:59,587: INFO/MainProcess] Scheduler: Sending due task generate-daily-report (main.generate_daily_report)
[2025-07-29 15:11:59,588: INFO/MainProcess] Scheduler: Sending due task send-parking-reminders (main.send_parking_reminders)
[2025-07-29 15:11:59,589: INFO/MainProcess] Scheduler: Sending due task monthly-mail-report-test (main.generate_monthly_activity_report)
[2025-07-29 15:11:59,591: INFO/MainProcess] Scheduler: Sending due task cleanup-expired-reservations (main.cleanup_expired_reservations)
[2025-07-29 15:11:59,592: INFO/MainProcess] Scheduler: Sending due task daily-mail-reminder-test (main.send_daily_reminders)
[2025-07-29 15:11:59,593: INFO/MainProcess] Scheduler: Sending due task daily-test-reminder (main.send_test_daily_reminders)
[2025-07-29 15:11:59,643: INFO/MainProcess] Scheduler: Sending due task daily-test-reminder (main.send_test_daily_reminders)
[2025-07-29 15:11:59,645: INFO/MainProcess] Scheduler: Sending due task send-parking-reminders (main.send_parking_reminders)
[2025-07-29 15:11:59,648: INFO/MainProcess] Scheduler: Sending due task optimize-parking-allocation (main.optimize_parking_allocation)
[2025-07-29 15:11:59,650: INFO/MainProcess] Scheduler: Sending due task daily-mail-reminder-test (main.send_daily_reminders)
[2025-07-29 15:11:59,653: INFO/MainProcess] Scheduler: Sending due task cleanup-expired-reservations (main.cleanup_expired_reservations)
[2025-07-29 15:11:59,654: INFO/MainProcess] Scheduler: Sending due task generate-daily-report (main.generate_daily_report)
[2025-07-29 15:11:59,656: INFO/MainProcess] Scheduler: Sending due task monthly-mail-report-test (main.generate_monthly_activity_report)
[2025-07-29 15:12:19,615: INFO/MainProcess] Scheduler: Sending due task optimize-parking-allocation (main.optimize_parking_allocation)
[2025-07-29 15:12:19,619: INFO/MainProcess] Scheduler: Sending due task generate-daily-report (main.generate_daily_report)
[2025-07-29 15:12:19,622: INFO/MainProcess] Scheduler: Sending due task send-parking-reminders (main.send_parking_reminders)
[2025-07-29 15:12:19,626: INFO/MainProcess] Scheduler: Sending due task monthly-mail-report-test (main.generate_monthly_activity_report)
[2025-07-29 15:12:19,629: INFO/MainProcess] Scheduler: Sending due task cleanup-expired-reservations (main.cleanup_expired_reservations)
[2025-07-29 15:12:19,630: INFO/MainProcess] Scheduler: Sending due task daily-mail-reminder-test (main.send_daily_reminders)
[2025-07-29 15:12:19,631: INFO/MainProcess] Scheduler: Sending due task daily-test-reminder (main.send_test_daily_reminders)
[2025-07-29 15:12:19,735: INFO/MainProcess] Scheduler: Sending due task daily-test-reminder (main.send_test_daily_reminders)
[2025-07-29 15:12:19,738: INFO/MainProcess] Scheduler: Sending due task send-parking-reminders (main.send_parking_reminders)
[2025-07-29 15:12:19,740: INFO/MainProcess] Scheduler: Sending due task optimize-parking-allocation (main.optimize_parking_allocation)
[2025-07-29 15:12:19,742: INFO/MainProcess] Scheduler: Sending due task daily-mail-reminder-test (main.send_daily_reminders)
[2025-07-29 15:12:19,746: INFO/MainProcess] Scheduler: Sending due task cleanup-expired-reservations (main.cleanup_expired_reservations)
[2025-07-29 15:12:19,748: INFO/MainProcess] Scheduler: Sending due task generate-daily-report (main.generate_daily_report)
[2025-07-29 15:12:19,750: INFO/MainProcess] Scheduler: Sending due task monthly-mail-report-test (main.generate_monthly_activity_report)
[2025-07-29 15:12:39,654: INFO/MainProcess] Scheduler: Sending due task optimize-parking-allocation (main.optimize_parking_allocation)
[2025-07-29 15:12:39,655: INFO/MainProcess] Scheduler: Sending due task generate-daily-report (main.generate_daily_report)
[2025-07-29 15:12:39,657: INFO/MainProcess] Scheduler: Sending due task send-parking-reminders (main.send_parking_reminders)
[2025-07-29 15:12:39,658: INFO/MainProcess] Scheduler: Sending due task monthly-mail-report-test (main.generate_monthly_activity_report)
[2025-07-29 15:12:39,659: INFO/MainProcess] Scheduler: Sending due task cleanup-expired-reservations (main.cleanup_expired_reservations)
[2025-07-29 15:12:39,660: INFO/MainProcess] Scheduler: Sending due task daily-mail-reminder-test (main.send_daily_reminders)
[2025-07-29 15:12:39,661: INFO/MainProcess] Scheduler: Sending due task daily-test-reminder (main.send_test_daily_reminders)
[2025-07-29 15:12:39,823: INFO/MainProcess] Scheduler: Sending due task daily-test-reminder (main.send_test_daily_reminders)
[2025-07-29 15:12:39,828: INFO/MainProcess] Scheduler: Sending due task send-parking-reminders (main.send_parking_reminders)
[2025-07-29 15:12:39,832: INFO/MainProcess] Scheduler: Sending due task optimize-parking-allocation (main.optimize_parking_allocation)
[2025-07-29 15:12:39,835: INFO/MainProcess] Scheduler: Sending due task daily-mail-reminder-test (main.send_daily_reminders)
[2025-07-29 15:12:39,837: INFO/MainProcess] Scheduler: Sending due task cleanup-expired-reservations (main.cleanup_expired_reservations)
[2025-07-29 15:12:39,843: INFO/MainProcess] Scheduler: Sending due task generate-daily-report (main.generate_daily_report)
[2025-07-29 15:12:39,846: INFO/MainProcess] Scheduler: Sending due task monthly-mail-report-test (main.generate_monthly_activity_report)
[2025-07-29 15:12:59,663: INFO/MainProcess] Scheduler: Sending due task optimize-parking-allocation (main.optimize_parking_allocation)
[2025-07-29 15:12:59,666: INFO/MainProcess] Scheduler: Sending due task generate-daily-report (main.generate_daily_report)
[2025-07-29 15:12:59,667: INFO/MainProcess] Scheduler: Sending due task send-parking-reminders (main.send_parking_reminders)
[2025-07-29 15:12:59,669: INFO/MainProcess] Scheduler: Sending due task monthly-mail-report-test (main.generate_monthly_activity_report)
[2025-07-29 15:12:59,671: INFO/MainProcess] Scheduler: Sending due task cleanup-expired-reservations (main.cleanup_expired_reservations)
[2025-07-29 15:12:59,672: INFO/MainProcess] Scheduler: Sending due task daily-mail-reminder-test (main.send_daily_reminders)
[2025-07-29 15:12:59,673: INFO/MainProcess] Scheduler: Sending due task daily-test-reminder (main.send_test_daily_reminders)
[2025-07-29 15:12:59,911: INFO/MainProcess] Scheduler: Sending due task daily-test-reminder (main.send_test_daily_reminders)
[2025-07-29 15:12:59,912: INFO/MainProcess] Scheduler: Sending due task send-parking-reminders (main.send_parking_reminders)
[2025-07-29 15:12:59,913: INFO/MainProcess] Scheduler: Sending due task optimize-parking-allocation (main.optimize_parking_allocation)
[2025-07-29 15:12:59,914: INFO/MainProcess] Scheduler: Sending due task daily-mail-reminder-test (main.send_daily_reminders)
[2025-07-29 15:12:59,915: INFO/MainProcess] Scheduler: Sending due task cleanup-expired-reservations (main.cleanup_expired_reservations)
[2025-07-29 15:12:59,916: INFO/MainProcess] Scheduler: Sending due task generate-daily-report (main.generate_daily_report)
[2025-07-29 15:12:59,917: INFO/MainProcess] Scheduler: Sending due task monthly-mail-report-test (main.generate_monthly_activity_report)
[2025-07-29 15:13:19,751: INFO/MainProcess] Scheduler: Sending due task optimize-parking-allocation (main.optimize_parking_allocation)
[2025-07-29 15:13:19,754: INFO/MainProcess] Scheduler: Sending due task generate-daily-report (main.generate_daily_report)
[2025-07-29 15:13:19,756: INFO/MainProcess] Scheduler: Sending due task send-parking-reminders (main.send_parking_reminders)
[2025-07-29 15:13:19,759: INFO/MainProcess] Scheduler: Sending due task monthly-mail-report-test (main.generate_monthly_activity_report)
[2025-07-29 15:13:19,760: INFO/MainProcess] Scheduler: Sending due task cleanup-expired-reservations (main.cleanup_expired_reservations)
[2025-07-29 15:13:19,761: INFO/MainProcess] Scheduler: Sending due task daily-mail-reminder-test (main.send_daily_reminders)
[2025-07-29 15:13:19,762: INFO/MainProcess] Scheduler: Sending due task daily-test-reminder (main.send_test_daily_reminders)
[2025-07-29 15:13:19,967: INFO/MainProcess] Scheduler: Sending due task daily-test-reminder (main.send_test_daily_reminders)
[2025-07-29 15:13:19,968: INFO/MainProcess] Scheduler: Sending due task send-parking-reminders (main.send_parking_reminders)
[2025-07-29 15:13:19,969: INFO/MainProcess] Scheduler: Sending due task optimize-parking-allocation (main.optimize_parking_allocation)
[2025-07-29 15:13:19,969: INFO/MainProcess] Scheduler: Sending due task daily-mail-reminder-test (main.send_daily_reminders)
[2025-07-29 15:13:19,970: INFO/MainProcess] Scheduler: Sending due task cleanup-expired-reservations (main.cleanup_expired_reservations)
[2025-07-29 15:13:19,971: INFO/MainProcess] Scheduler: Sending due task generate-daily-report (main.generate_daily_report)
[2025-07-29 15:13:19,972: INFO/MainProcess] Scheduler: Sending due task monthly-mail-report-test (main.generate_monthly_activity_report)
[2025-07-29 15:13:39,835: INFO/MainProcess] Scheduler: Sending due task optimize-parking-allocation (main.optimize_parking_allocation)
[2025-07-29 15:13:39,838: INFO/MainProcess] Scheduler: Sending due task generate-daily-report (main.generate_daily_report)
[2025-07-29 15:13:39,842: INFO/MainProcess] Scheduler: Sending due task send-parking-reminders (main.send_parking_reminders)
[2025-07-29 15:13:39,844: INFO/MainProcess] Scheduler: Sending due task monthly-mail-report-test (main.generate_monthly_activity_report)
[2025-07-29 15:13:39,845: INFO/MainProcess] Scheduler: Sending due task cleanup-expired-reservations (main.cleanup_expired_reservations)
[2025-07-29 15:13:39,846: INFO/MainProcess] Scheduler: Sending due task daily-mail-reminder-test (main.send_daily_reminders)
[2025-07-29 15:13:39,847: INFO/MainProcess] Scheduler: Sending due task daily-test-reminder (main.send_test_daily_reminders)
[2025-07-29 15:13:40,055: INFO/MainProcess] Scheduler: Sending due task daily-test-reminder (main.send_test_daily_reminders)
[2025-07-29 15:13:40,056: INFO/MainProcess] Scheduler: Sending due task send-parking-reminders (main.send_parking_reminders)
[2025-07-29 15:13:40,057: INFO/MainProcess] Scheduler: Sending due task optimize-parking-allocation (main.optimize_parking_allocation)
[2025-07-29 15:13:40,057: INFO/MainProcess] Scheduler: Sending due task daily-mail-reminder-test (main.send_daily_reminders)
[2025-07-29 15:13:40,058: INFO/MainProcess] Scheduler: Sending due task cleanup-expired-reservations (main.cleanup_expired_reservations)
[2025-07-29 15:13:40,059: INFO/MainProcess] Scheduler: Sending due task generate-daily-report (main.generate_daily_report)
[2025-07-29 15:13:40,060: INFO/MainProcess] Scheduler: Sending due task monthly-mail-report-test (main.generate_monthly_activity_report)
[2025-07-29 15:13:59,877: INFO/MainProcess] Scheduler: Sending due task optimize-parking-allocation (main.optimize_parking_allocation)
[2025-07-29 15:13:59,881: INFO/MainProcess] Scheduler: Sending due task generate-daily-report (main.generate_daily_report)
[2025-07-29 15:13:59,883: INFO/MainProcess] Scheduler: Sending due task send-parking-reminders (main.send_parking_reminders)
[2025-07-29 15:13:59,884: INFO/MainProcess] Scheduler: Sending due task monthly-mail-report-test (main.generate_monthly_activity_report)
[2025-07-29 15:13:59,885: INFO/MainProcess] Scheduler: Sending due task cleanup-expired-reservations (main.cleanup_expired_reservations)
[2025-07-29 15:13:59,886: INFO/MainProcess] Scheduler: Sending due task daily-mail-reminder-test (main.send_daily_reminders)
[2025-07-29 15:13:59,887: INFO/MainProcess] Scheduler: Sending due task daily-test-reminder (main.send_test_daily_reminders)
[2025-07-29 15:14:00,144: INFO/MainProcess] Scheduler: Sending due task daily-test-reminder (main.send_test_daily_reminders)
[2025-07-29 15:14:00,148: INFO/MainProcess] Scheduler: Sending due task send-parking-reminders (main.send_parking_reminders)
[2025-07-29 15:14:00,153: INFO/MainProcess] Scheduler: Sending due task optimize-parking-allocation (main.optimize_parking_allocation)
[2025-07-29 15:14:00,156: INFO/MainProcess] Scheduler: Sending due task daily-mail-reminder-test (main.send_daily_reminders)
[2025-07-29 15:14:00,160: INFO/MainProcess] Scheduler: Sending due task cleanup-expired-reservations (main.cleanup_expired_reservations)
[2025-07-29 15:14:00,163: INFO/MainProcess] Scheduler: Sending due task generate-daily-report (main.generate_daily_report)
[2025-07-29 15:14:00,166: INFO/MainProcess] Scheduler: Sending due task monthly-mail-report-test (main.generate_monthly_activity_report)
[2025-07-29 15:14:19,949: INFO/MainProcess] Scheduler: Sending due task optimize-parking-allocation (main.optimize_parking_allocation)
[2025-07-29 15:14:19,953: INFO/MainProcess] Scheduler: Sending due task generate-daily-report (main.generate_daily_report)
[2025-07-29 15:14:19,958: INFO/MainProcess] Scheduler: Sending due task send-parking-reminders (main.send_parking_reminders)
[2025-07-29 15:14:19,962: INFO/MainProcess] Scheduler: Sending due task monthly-mail-report-test (main.generate_monthly_activity_report)
[2025-07-29 15:14:19,964: INFO/MainProcess] Scheduler: Sending due task cleanup-expired-reservations (main.cleanup_expired_reservations)
[2025-07-29 15:14:19,965: INFO/MainProcess] Scheduler: Sending due task daily-mail-reminder-test (main.send_daily_reminders)
[2025-07-29 15:14:19,966: INFO/MainProcess] Scheduler: Sending due task daily-test-reminder (main.send_test_daily_reminders)
[2025-07-29 15:14:20,232: INFO/MainProcess] Scheduler: Sending due task daily-test-reminder (main.send_test_daily_reminders)
[2025-07-29 15:14:20,236: INFO/MainProcess] Scheduler: Sending due task send-parking-reminders (main.send_parking_reminders)
[2025-07-29 15:14:20,240: INFO/MainProcess] Scheduler: Sending due task optimize-parking-allocation (main.optimize_parking_allocation)
[2025-07-29 15:14:20,244: INFO/MainProcess] Scheduler: Sending due task daily-mail-reminder-test (main.send_daily_reminders)
[2025-07-29 15:14:20,249: INFO/MainProcess] Scheduler: Sending due task cleanup-expired-reservations (main.cleanup_expired_reservations)
[2025-07-29 15:14:20,252: INFO/MainProcess] Scheduler: Sending due task generate-daily-report (main.generate_daily_report)
[2025-07-29 15:14:20,256: INFO/MainProcess] Scheduler: Sending due task monthly-mail-report-test (main.generate_monthly_activity_report)
[2025-07-29 15:14:40,035: INFO/MainProcess] Scheduler: Sending due task optimize-parking-allocation (main.optimize_parking_allocation)
[2025-07-29 15:14:40,039: INFO/MainProcess] Scheduler: Sending due task generate-daily-report (main.generate_daily_report)
[2025-07-29 15:14:40,044: INFO/MainProcess] Scheduler: Sending due task send-parking-reminders (main.send_parking_reminders)
[2025-07-29 15:14:40,050: INFO/MainProcess] Scheduler: Sending due task monthly-mail-report-test (main.generate_monthly_activity_report)
[2025-07-29 15:14:40,058: INFO/MainProcess] Scheduler: Sending due task cleanup-expired-reservations (main.cleanup_expired_reservations)
[2025-07-29 15:14:40,063: INFO/MainProcess] Scheduler: Sending due task daily-mail-reminder-test (main.send_daily_reminders)
[2025-07-29 15:14:40,069: INFO/MainProcess] Scheduler: Sending due task daily-test-reminder (main.send_test_daily_reminders)
[2025-07-29 15:14:40,320: INFO/MainProcess] Scheduler: Sending due task daily-test-reminder (main.send_test_daily_reminders)
[2025-07-29 15:14:40,322: INFO/MainProcess] Scheduler: Sending due task send-parking-reminders (main.send_parking_reminders)
[2025-07-29 15:14:40,324: INFO/MainProcess] Scheduler: Sending due task optimize-parking-allocation (main.optimize_parking_allocation)
[2025-07-29 15:14:40,329: INFO/MainProcess] Scheduler: Sending due task daily-mail-reminder-test (main.send_daily_reminders)
[2025-07-29 15:14:40,334: INFO/MainProcess] Scheduler: Sending due task cleanup-expired-reservations (main.cleanup_expired_reservations)
[2025-07-29 15:14:40,337: INFO/MainProcess] Scheduler: Sending due task generate-daily-report (main.generate_daily_report)
[2025-07-29 15:14:40,339: INFO/MainProcess] Scheduler: Sending due task monthly-mail-report-test (main.generate_monthly_activity_report)
[2025-07-29 15:15:00,082: INFO/MainProcess] Scheduler: Sending due task optimize-parking-allocation (main.optimize_parking_allocation)
[2025-07-29 15:15:00,083: INFO/MainProcess] Scheduler: Sending due task generate-daily-report (main.generate_daily_report)
[2025-07-29 15:15:00,084: INFO/MainProcess] Scheduler: Sending due task send-parking-reminders (main.send_parking_reminders)
[2025-07-29 15:15:00,085: INFO/MainProcess] Scheduler: Sending due task monthly-mail-report-test (main.generate_monthly_activity_report)
[2025-07-29 15:15:00,086: INFO/MainProcess] Scheduler: Sending due task cleanup-expired-reservations (main.cleanup_expired_reservations)
[2025-07-29 15:15:00,087: INFO/MainProcess] Scheduler: Sending due task daily-mail-reminder-test (main.send_daily_reminders)
[2025-07-29 15:15:00,088: INFO/MainProcess] Scheduler: Sending due task daily-test-reminder (main.send_test_daily_reminders)
[2025-07-29 15:15:00,408: INFO/MainProcess] Scheduler: Sending due task daily-test-reminder (main.send_test_daily_reminders)
[2025-07-29 15:15:00,413: INFO/MainProcess] Scheduler: Sending due task send-parking-reminders (main.send_parking_reminders)
[2025-07-29 15:15:00,417: INFO/MainProcess] Scheduler: Sending due task optimize-parking-allocation (main.optimize_parking_allocation)
[2025-07-29 15:15:00,422: INFO/MainProcess] Scheduler: Sending due task daily-mail-reminder-test (main.send_daily_reminders)
[2025-07-29 15:15:00,429: INFO/MainProcess] Scheduler: Sending due task cleanup-expired-reservations (main.cleanup_expired_reservations)
[2025-07-29 15:15:00,434: INFO/MainProcess] Scheduler: Sending due task generate-daily-report (main.generate_daily_report)
[2025-07-29 15:15:00,437: INFO/MainProcess] Scheduler: Sending due task monthly-mail-report-test (main.generate_monthly_activity_report)
[2025-07-29 15:15:20,171: INFO/MainProcess] Scheduler: Sending due task optimize-parking-allocation (main.optimize_parking_allocation)
[2025-07-29 15:15:20,173: INFO/MainProcess] Scheduler: Sending due task generate-daily-report (main.generate_daily_report)
[2025-07-29 15:15:20,173: INFO/MainProcess] Scheduler: Sending due task send-parking-reminders (main.send_parking_reminders)
[2025-07-29 15:15:20,174: INFO/MainProcess] Scheduler: Sending due task monthly-mail-report-test (main.generate_monthly_activity_report)
[2025-07-29 15:15:20,176: INFO/MainProcess] Scheduler: Sending due task cleanup-expired-reservations (main.cleanup_expired_reservations)
[2025-07-29 15:15:20,179: INFO/MainProcess] Scheduler: Sending due task daily-mail-reminder-test (main.send_daily_reminders)
[2025-07-29 15:15:20,180: INFO/MainProcess] Scheduler: Sending due task daily-test-reminder (main.send_test_daily_reminders)
[2025-07-29 15:15:20,500: INFO/MainProcess] Scheduler: Sending due task daily-test-reminder (main.send_test_daily_reminders)
[2025-07-29 15:15:20,503: INFO/MainProcess] Scheduler: Sending due task send-parking-reminders (main.send_parking_reminders)
[2025-07-29 15:15:20,506: INFO/MainProcess] Scheduler: Sending due task optimize-parking-allocation (main.optimize_parking_allocation)
[2025-07-29 15:15:20,508: INFO/MainProcess] Scheduler: Sending due task daily-mail-reminder-test (main.send_daily_reminders)
[2025-07-29 15:15:20,511: INFO/MainProcess] Scheduler: Sending due task cleanup-expired-reservations (main.cleanup_expired_reservations)
[2025-07-29 15:15:20,512: INFO/MainProcess] Scheduler: Sending due task generate-daily-report (main.generate_daily_report)
[2025-07-29 15:15:20,514: INFO/MainProcess] Scheduler: Sending due task monthly-mail-report-test (main.generate_monthly_activity_report)
[2025-07-29 15:15:40,260: INFO/MainProcess] Scheduler: Sending due task optimize-parking-allocation (main.optimize_parking_allocation)
[2025-07-29 15:15:40,267: INFO/MainProcess] Scheduler: Sending due task generate-daily-report (main.generate_daily_report)
[2025-07-29 15:15:40,274: INFO/MainProcess] Scheduler: Sending due task send-parking-reminders (main.send_parking_reminders)
[2025-07-29 15:15:40,281: INFO/MainProcess] Scheduler: Sending due task monthly-mail-report-test (main.generate_monthly_activity_report)
[2025-07-29 15:15:40,289: INFO/MainProcess] Scheduler: Sending due task cleanup-expired-reservations (main.cleanup_expired_reservations)
[2025-07-29 15:15:40,297: INFO/MainProcess] Scheduler: Sending due task daily-mail-reminder-test (main.send_daily_reminders)
[2025-07-29 15:15:40,305: INFO/MainProcess] Scheduler: Sending due task daily-test-reminder (main.send_test_daily_reminders)
[2025-07-29 15:15:40,589: INFO/MainProcess] Scheduler: Sending due task daily-test-reminder (main.send_test_daily_reminders)
[2025-07-29 15:15:40,596: INFO/MainProcess] Scheduler: Sending due task send-parking-reminders (main.send_parking_reminders)
[2025-07-29 15:15:40,605: INFO/MainProcess] Scheduler: Sending due task optimize-parking-allocation (main.optimize_parking_allocation)
[2025-07-29 15:15:40,611: INFO/MainProcess] Scheduler: Sending due task daily-mail-reminder-test (main.send_daily_reminders)
[2025-07-29 15:15:40,617: INFO/MainProcess] Scheduler: Sending due task cleanup-expired-reservations (main.cleanup_expired_reservations)
[2025-07-29 15:15:40,623: INFO/MainProcess] Scheduler: Sending due task generate-daily-report (main.generate_daily_report)
[2025-07-29 15:15:40,628: INFO/MainProcess] Scheduler: Sending due task monthly-mail-report-test (main.generate_monthly_activity_report)
